<?xml version="1.0" encoding="UTF-8"?>
<testsuite name="Test"
           tests="39"
           failures="2"
           errors="0"
           skipped="0"
           time="336.237">
  <properties />
            <testcase name="Q4Web_SmokeMigrationTest" time="60.948" classname="q4WebTest.ThreadLocalDemo">
                <failure type="org.openqa.selenium.TimeoutException"
                  message="timeout
  (Session info: chrome=60.0.3112.101)
  (Driver info: chromedriver=2.29.461585 (0be2cd95f834e9ee7c46bcc7cf405b483f5ae83b),platform=Mac OS X 10.11.5 x86_64) (WARNING: The server did not provide any stacktrace information)
Command duration or timeout: 20.00 seconds
Build info: version: &apos;2.53.0&apos;, revision: &apos;35ae25b1534ae328c771e0856c93e187490ca824&apos;, time: &apos;2016-03-15 10:43:46&apos;
System info: host: &apos;PhilipS-MacBookPro.local&apos;, ip: &apos;10.255.253.12&apos;, os.name: &apos;Mac OS X&apos;, os.arch: &apos;x86_64&apos;, os.version: &apos;10.11.5&apos;, java.version: &apos;1.8.0_45&apos;
Driver info: org.openqa.selenium.chrome.ChromeDriver
Capabilities [{applicationCacheEnabled=false, rotatable=false, mobileEmulationEnabled=false, networkConnectionEnabled=false, chrome={chromedriverVersion=2.29.461585 (0be2cd95f834e9ee7c46bcc7cf405b483f5ae83b), userDataDir=/var/folders/26/xx5t24d11lbgcjt6d3hm31j00000gn/T/.org.chromium.Chromium.850Mq3}, takesHeapSnapshot=true, pageLoadStrategy=normal, databaseEnabled=false, handlesAlerts=true, hasTouchScreen=false, version=60.0.3112.101, platform=MAC, browserConnectionEnabled=false, nativeEvents=true, acceptSslCerts=true, locationContextEnabled=true, webStorageEnabled=true, browserName=chrome, takesScreenshot=true, javascriptEnabled=true, cssSelectorsEnabled=true, unexpectedAlertBehaviour=}]
Session ID: 0d18ce81d6c8365ae65f4123a20e92f1
*** Element info: {Using=tag name, value=body}"
              >
<![CDATA[org.openqa.selenium.TimeoutException: timeout
  (Session info: chrome=60.0.3112.101)
  (Driver info: chromedriver=2.29.461585 (0be2cd95f834e9ee7c46bcc7cf405b483f5ae83b),platform=Mac OS X 10.11.5 x86_64) (WARNING: The server did not provide any stacktrace information)
Command duration or timeout: 20.00 seconds
Build info: version: '2.53.0', revision: '35ae25b1534ae328c771e0856c93e187490ca824', time: '2016-03-15 10:43:46'
System info: host: 'PhilipS-MacBookPro.local', ip: '10.255.253.12', os.name: 'Mac OS X', os.arch: 'x86_64', os.version: '10.11.5', java.version: '1.8.0_45'
Driver info: org.openqa.selenium.chrome.ChromeDriver
Capabilities [{applicationCacheEnabled=false, rotatable=false, mobileEmulationEnabled=false, networkConnectionEnabled=false, chrome={chromedriverVersion=2.29.461585 (0be2cd95f834e9ee7c46bcc7cf405b483f5ae83b), userDataDir=/var/folders/26/xx5t24d11lbgcjt6d3hm31j00000gn/T/.org.chromium.Chromium.850Mq3}, takesHeapSnapshot=true, pageLoadStrategy=normal, databaseEnabled=false, handlesAlerts=true, hasTouchScreen=false, version=60.0.3112.101, platform=MAC, browserConnectionEnabled=false, nativeEvents=true, acceptSslCerts=true, locationContextEnabled=true, webStorageEnabled=true, browserName=chrome, takesScreenshot=true, javascriptEnabled=true, cssSelectorsEnabled=true, unexpectedAlertBehaviour=}]
Session ID: 0d18ce81d6c8365ae65f4123a20e92f1
*** Element info: {Using=tag name, value=body}
  sun.reflect.NativeConstructorAccessorImpl.newInstance0(Native Method)
  sun.reflect.NativeConstructorAccessorImpl.newInstance(NativeConstructorAccessorImpl.java:62)
  sun.reflect.DelegatingConstructorAccessorImpl.newInstance(DelegatingConstructorAccessorImpl.java:45)
  java.lang.reflect.Constructor.newInstance(Constructor.java:422)
  org.openqa.selenium.remote.ErrorHandler.createThrowable(ErrorHandler.java:206)
  org.openqa.selenium.remote.ErrorHandler.throwIfResponseFailed(ErrorHandler.java:158)
  org.openqa.selenium.remote.RemoteWebDriver.execute(RemoteWebDriver.java:678)
  org.openqa.selenium.remote.RemoteWebDriver.findElement(RemoteWebDriver.java:363)
  org.openqa.selenium.remote.RemoteWebDriver.findElementByTagName(RemoteWebDriver.java:445)
  org.openqa.selenium.By$ByTagName.findElement(By.java:334)
  org.openqa.selenium.remote.RemoteWebDriver.findElement(RemoteWebDriver.java:355)
  q4WebTest.ThreadLocalDemo.Q4Web_SmokeMigrationTest(ThreadLocalDemo.java:81)
  sun.reflect.GeneratedMethodAccessor15.invoke(Unknown Source)
  sun.reflect.DelegatingMethodAccessorImpl.invoke(DelegatingMethodAccessorImpl.java:43)
  java.lang.reflect.Method.invoke(Method.java:497)
  org.testng.internal.MethodInvocationHelper.invokeMethod(MethodInvocationHelper.java:85)
  org.testng.internal.Invoker.invokeMethod(Invoker.java:639)
  org.testng.internal.Invoker.invokeTestMethod(Invoker.java:821)
  org.testng.internal.TestMethodWithDataProviderMethodWorker.call(TestMethodWithDataProviderMethodWorker.java:75)
  org.testng.internal.TestMethodWithDataProviderMethodWorker.call(TestMethodWithDataProviderMethodWorker.java:14)
  java.util.concurrent.FutureTask.run(FutureTask.java:266)
  java.util.concurrent.Executors$RunnableAdapter.call(Executors.java:511)
  java.util.concurrent.FutureTask.run(FutureTask.java:266)
  java.util.concurrent.ThreadPoolExecutor.runWorker(ThreadPoolExecutor.java:1142)
  java.util.concurrent.ThreadPoolExecutor$Worker.run(ThreadPoolExecutor.java:617)
  java.lang.Thread.run(Thread.java:745)
]]>
      </failure>

          </testcase>
            <testcase name="Q4Web_SmokeMigrationTest" time="5.093" classname="q4WebTest.ThreadLocalDemo">
                <failure type="java.lang.AssertionError"
                  message="Failed: The version of Web-site http://www.amg-nv.com/ can not be defined correctly!. Test failed."
              >
<![CDATA[java.lang.AssertionError: Failed: The version of Web-site http://www.amg-nv.com/ can not be defined correctly!. Test failed.
  org.testng.Assert.fail(Assert.java:94)
  functions.Q4WebFunctions.Q4Web_BF_GetVersion(Q4WebFunctions.java:441)
  q4WebTest.ThreadLocalDemo.openHomePage(ThreadLocalDemo.java:385)
  q4WebTest.ThreadLocalDemo.Q4Web_SmokeMigrationTest(ThreadLocalDemo.java:85)
  sun.reflect.GeneratedMethodAccessor15.invoke(Unknown Source)
  sun.reflect.DelegatingMethodAccessorImpl.invoke(DelegatingMethodAccessorImpl.java:43)
  java.lang.reflect.Method.invoke(Method.java:497)
  org.testng.internal.MethodInvocationHelper.invokeMethod(MethodInvocationHelper.java:85)
  org.testng.internal.Invoker.invokeMethod(Invoker.java:639)
  org.testng.internal.Invoker.invokeTestMethod(Invoker.java:821)
  org.testng.internal.TestMethodWithDataProviderMethodWorker.call(TestMethodWithDataProviderMethodWorker.java:75)
  org.testng.internal.TestMethodWithDataProviderMethodWorker.call(TestMethodWithDataProviderMethodWorker.java:14)
  java.util.concurrent.FutureTask.run(FutureTask.java:266)
  java.util.concurrent.Executors$RunnableAdapter.call(Executors.java:511)
  java.util.concurrent.FutureTask.run(FutureTask.java:266)
  java.util.concurrent.ThreadPoolExecutor.runWorker(ThreadPoolExecutor.java:1142)
  java.util.concurrent.ThreadPoolExecutor$Worker.run(ThreadPoolExecutor.java:617)
  java.lang.Thread.run(Thread.java:745)
]]>
      </failure>

          </testcase>
  
  
            <testcase name="Q4Web_SmokeMigrationTest" time="4.960" classname="q4WebTest.ThreadLocalDemo" />
                <testcase name="Q4Web_SmokeMigrationTest" time="7.412" classname="q4WebTest.ThreadLocalDemo" />
                <testcase name="Q4Web_SmokeMigrationTest" time="7.972" classname="q4WebTest.ThreadLocalDemo" />
                <testcase name="Q4Web_SmokeMigrationTest" time="4.791" classname="q4WebTest.ThreadLocalDemo" />
                <testcase name="Q4Web_SmokeMigrationTest" time="4.439" classname="q4WebTest.ThreadLocalDemo" />
                <testcase name="Q4Web_SmokeMigrationTest" time="8.222" classname="q4WebTest.ThreadLocalDemo" />
                <testcase name="Q4Web_SmokeMigrationTest" time="10.031" classname="q4WebTest.ThreadLocalDemo" />
                <testcase name="Q4Web_SmokeMigrationTest" time="9.657" classname="q4WebTest.ThreadLocalDemo" />
                <testcase name="Q4Web_SmokeMigrationTest" time="8.507" classname="q4WebTest.ThreadLocalDemo" />
                <testcase name="Q4Web_SmokeMigrationTest" time="5.390" classname="q4WebTest.ThreadLocalDemo" />
                <testcase name="Q4Web_SmokeMigrationTest" time="7.648" classname="q4WebTest.ThreadLocalDemo" />
                <testcase name="Q4Web_SmokeMigrationTest" time="7.004" classname="q4WebTest.ThreadLocalDemo" />
                <testcase name="Q4Web_SmokeMigrationTest" time="6.308" classname="q4WebTest.ThreadLocalDemo" />
                <testcase name="Q4Web_SmokeMigrationTest" time="7.303" classname="q4WebTest.ThreadLocalDemo" />
                <testcase name="Q4Web_SmokeMigrationTest" time="8.437" classname="q4WebTest.ThreadLocalDemo" />
                <testcase name="Q4Web_SmokeMigrationTest" time="5.926" classname="q4WebTest.ThreadLocalDemo" />
                <testcase name="Q4Web_SmokeMigrationTest" time="7.061" classname="q4WebTest.ThreadLocalDemo" />
                <testcase name="Q4Web_SmokeMigrationTest" time="4.651" classname="q4WebTest.ThreadLocalDemo" />
                <testcase name="Q4Web_SmokeMigrationTest" time="5.009" classname="q4WebTest.ThreadLocalDemo" />
                <testcase name="Q4Web_SmokeMigrationTest" time="7.078" classname="q4WebTest.ThreadLocalDemo" />
                <testcase name="Q4Web_SmokeMigrationTest" time="7.475" classname="q4WebTest.ThreadLocalDemo" />
                <testcase name="Q4Web_SmokeMigrationTest" time="6.383" classname="q4WebTest.ThreadLocalDemo" />
                <testcase name="Q4Web_SmokeMigrationTest" time="7.924" classname="q4WebTest.ThreadLocalDemo" />
                <testcase name="Q4Web_SmokeMigrationTest" time="7.210" classname="q4WebTest.ThreadLocalDemo" />
                <testcase name="Q4Web_SmokeMigrationTest" time="6.993" classname="q4WebTest.ThreadLocalDemo" />
                <testcase name="Q4Web_SmokeMigrationTest" time="15.683" classname="q4WebTest.ThreadLocalDemo" />
                <testcase name="Q4Web_SmokeMigrationTest" time="9.225" classname="q4WebTest.ThreadLocalDemo" />
                <testcase name="Q4Web_SmokeMigrationTest" time="6.359" classname="q4WebTest.ThreadLocalDemo" />
                <testcase name="Q4Web_SmokeMigrationTest" time="6.876" classname="q4WebTest.ThreadLocalDemo" />
                <testcase name="Q4Web_SmokeMigrationTest" time="9.696" classname="q4WebTest.ThreadLocalDemo" />
                <testcase name="Q4Web_SmokeMigrationTest" time="5.209" classname="q4WebTest.ThreadLocalDemo" />
                <testcase name="Q4Web_SmokeMigrationTest" time="5.347" classname="q4WebTest.ThreadLocalDemo" />
                <testcase name="Q4Web_SmokeMigrationTest" time="6.605" classname="q4WebTest.ThreadLocalDemo" />
                <testcase name="Q4Web_SmokeMigrationTest" time="8.132" classname="q4WebTest.ThreadLocalDemo" />
                <testcase name="Q4Web_SmokeMigrationTest" time="5.545" classname="q4WebTest.ThreadLocalDemo" />
                <testcase name="Q4Web_SmokeMigrationTest" time="12.512" classname="q4WebTest.ThreadLocalDemo" />
                <testcase name="Q4Web_SmokeMigrationTest" time="5.216" classname="q4WebTest.ThreadLocalDemo" />
      
</testsuite>
